# JRE version: OpenJDK Runtime Environment (23.0.2+7) (build 23.0.2+7-58)
# Java VM: OpenJDK 64-Bit Server VM (23.0.2+7-58, mixed mode, emulated-client, sharing, tiered, compressed oops, compressed class ptrs, g1 gc, windows-amd64)
GC Precious Log:
 CardTable entry size: 512
 Card Set container configuration: InlinePtr #cards 4 size 8 Array Of Cards #cards 64 size 144 Howl #buckets 8 coarsen threshold 14745 Howl Bitmap #cards 2048 size 272 coarsen threshold 1843 Card regions per heap region 1 cards per card region 16384
 CPUs: 12 total, 12 available
 Memory: 65337M
 Large Page Support: Disabled
 NUMA Support: Disabled
 Compressed Oops: Enabled (Zero based)
 Heap Region Size: 8M
 Heap Min Capacity: 8M
 Heap Initial Capacity: 1G
 Heap Max Capacity: 16336M
 Pre-touch: Disabled
 Parallel Workers: 10
 Concurrent Workers: 3
 Concurrent Refinement Workers: 10
 Periodic GC: Disabled
Heap:
 garbage-first heap   total reserved 16728064K, committed 221184K, used 181938K [0x0000000403000000, 0x0000000800000000)
  region size 8192K, 14 young (114688K), 0 survivors (0K)
 Metaspace       used 108471K, committed 109888K, reserved 1179648K
  class space    used 16110K, committed 16704K, reserved 1048576K
GC Heap History (20 events):
Event: 4.485 GC heap after
{Heap after GC invocations=13 (full 0):
 garbage-first heap   total reserved 16728064K, committed 139264K, used 37301K [0x0000000403000000, 0x0000000800000000)
  region size 8192K, 1 young (8192K), 1 survivors (8192K)
 Metaspace       used 60690K, committed 61376K, reserved 1114112K
  class space    used 8744K, committed 9024K, reserved 1048576K
}
Event: 5.098 GC heap before
{Heap before GC invocations=14 (full 0):
 garbage-first heap   total reserved 16728064K, committed 139264K, used 94645K [0x0000000403000000, 0x0000000800000000)
  region size 8192K, 8 young (65536K), 1 survivors (8192K)
 Metaspace       used 67631K, committed 68352K, reserved 1114112K
  class space    used 9916K, committed 10240K, reserved 1048576K
}
Event: 5.108 GC heap after
{Heap after GC invocations=15 (full 0):
 garbage-first heap   total reserved 16728064K, committed 139264K, used 39117K [0x0000000403000000, 0x0000000800000000)
  region size 8192K, 1 young (8192K), 1 survivors (8192K)
 Metaspace       used 67631K, committed 68352K, reserved 1114112K
  class space    used 9916K, committed 10240K, reserved 1048576K
}
Event: 5.613 GC heap before
{Heap before GC invocations=15 (full 0):
 garbage-first heap   total reserved 16728064K, committed 139264K, used 104653K [0x0000000403000000, 0x0000000800000000)
  region size 8192K, 9 young (73728K), 1 survivors (8192K)
 Metaspace       used 72128K, committed 72896K, reserved 1114112K
  class space    used 10610K, committed 10944K, reserved 1048576K
}
Event: 5.622 GC heap after
{Heap after GC invocations=16 (full 0):
 garbage-first heap   total reserved 16728064K, committed 139264K, used 41391K [0x0000000403000000, 0x0000000800000000)
  region size 8192K, 1 young (8192K), 1 survivors (8192K)
 Metaspace       used 72128K, committed 72896K, reserved 1114112K
  class space    used 10610K, committed 10944K, reserved 1048576K
}
Event: 6.776 GC heap before
{Heap before GC invocations=16 (full 0):
 garbage-first heap   total reserved 16728064K, committed 139264K, used 106927K [0x0000000403000000, 0x0000000800000000)
  region size 8192K, 9 young (73728K), 1 survivors (8192K)
 Metaspace       used 78695K, committed 79424K, reserved 1179648K
  class space    used 11655K, committed 11968K, reserved 1048576K
}
Event: 6.784 GC heap after
{Heap after GC invocations=17 (full 0):
 garbage-first heap   total reserved 16728064K, committed 598016K, used 48650K [0x0000000403000000, 0x0000000800000000)
  region size 8192K, 2 young (16384K), 2 survivors (16384K)
 Metaspace       used 78695K, committed 79424K, reserved 1179648K
  class space    used 11655K, committed 11968K, reserved 1048576K
}
Event: 8.190 GC heap before
{Heap before GC invocations=17 (full 0):
 garbage-first heap   total reserved 16728064K, committed 598016K, used 384522K [0x0000000403000000, 0x0000000800000000)
  region size 8192K, 43 young (352256K), 2 survivors (16384K)
 Metaspace       used 84899K, committed 85696K, reserved 1179648K
  class space    used 12706K, committed 13056K, reserved 1048576K
}
Event: 8.199 GC heap after
{Heap after GC invocations=18 (full 0):
 garbage-first heap   total reserved 16728064K, committed 598016K, used 54261K [0x0000000403000000, 0x0000000800000000)
  region size 8192K, 3 young (24576K), 3 survivors (24576K)
 Metaspace       used 84899K, committed 85696K, reserved 1179648K
  class space    used 12706K, committed 13056K, reserved 1048576K
}
Event: 8.723 GC heap before
{Heap before GC invocations=18 (full 0):
 garbage-first heap   total reserved 16728064K, committed 598016K, used 152565K [0x0000000403000000, 0x0000000800000000)
  region size 8192K, 16 young (131072K), 3 survivors (24576K)
 Metaspace       used 86644K, committed 87488K, reserved 1179648K
  class space    used 12895K, committed 13248K, reserved 1048576K
}
Event: 8.731 GC heap after
{Heap after GC invocations=19 (full 0):
 garbage-first heap   total reserved 16728064K, committed 598016K, used 56426K [0x0000000403000000, 0x0000000800000000)
  region size 8192K, 3 young (24576K), 3 survivors (24576K)
 Metaspace       used 86644K, committed 87488K, reserved 1179648K
  class space    used 12895K, committed 13248K, reserved 1048576K
}
Event: 9.861 GC heap before
{Heap before GC invocations=20 (full 0):
 garbage-first heap   total reserved 16728064K, committed 221184K, used 162922K [0x0000000403000000, 0x0000000800000000)
  region size 8192K, 16 young (131072K), 3 survivors (24576K)
 Metaspace       used 92494K, committed 93504K, reserved 1179648K
  class space    used 13919K, committed 14336K, reserved 1048576K
}
Event: 9.874 GC heap after
{Heap after GC invocations=21 (full 0):
 garbage-first heap   total reserved 16728064K, committed 221184K, used 63603K [0x0000000403000000, 0x0000000800000000)
  region size 8192K, 2 young (16384K), 2 survivors (16384K)
 Metaspace       used 92494K, committed 93504K, reserved 1179648K
  class space    used 13919K, committed 14336K, reserved 1048576K
}
Event: 403.469 GC heap before
{Heap before GC invocations=21 (full 0):
 garbage-first heap   total reserved 16728064K, committed 221184K, used 170099K [0x0000000403000000, 0x0000000800000000)
  region size 8192K, 15 young (122880K), 2 survivors (16384K)
 Metaspace       used 108589K, committed 109888K, reserved 1179648K
  class space    used 16147K, committed 16704K, reserved 1048576K
}
Event: 403.481 GC heap after
{Heap after GC invocations=22 (full 0):
 garbage-first heap   total reserved 16728064K, committed 221184K, used 66851K [0x0000000403000000, 0x0000000800000000)
  region size 8192K, 2 young (16384K), 2 survivors (16384K)
 Metaspace       used 108589K, committed 109888K, reserved 1179648K
  class space    used 16147K, committed 16704K, reserved 1048576K
}
Event: 640.511 GC heap before
{Heap before GC invocations=22 (full 0):
 garbage-first heap   total reserved 16728064K, committed 221184K, used 99619K [0x0000000403000000, 0x0000000800000000)
  region size 8192K, 7 young (57344K), 2 survivors (16384K)
 Metaspace       used 108633K, committed 109888K, reserved 1179648K
  class space    used 16159K, committed 16704K, reserved 1048576K
}
Event: 640.517 GC heap after
{Heap after GC invocations=23 (full 0):
 garbage-first heap   total reserved 16728064K, committed 221184K, used 66839K [0x0000000403000000, 0x0000000800000000)
  region size 8192K, 1 young (8192K), 1 survivors (8192K)
 Metaspace       used 108633K, committed 109888K, reserved 1179648K
  class space    used 16159K, committed 16704K, reserved 1048576K
}
Event: 3517.321 GC heap before
{Heap before GC invocations=24 (full 0):
 garbage-first heap   total reserved 16728064K, committed 221184K, used 173335K [0x0000000403000000, 0x0000000800000000)
  region size 8192K, 14 young (114688K), 1 survivors (8192K)
 Metaspace       used 108370K, committed 109888K, reserved 1179648K
  class space    used 16082K, committed 16704K, reserved 1048576K
}
Event: 3517.326 GC heap after
{Heap after GC invocations=25 (full 0):
 garbage-first heap   total reserved 16728064K, committed 221184K, used 67250K [0x0000000403000000, 0x0000000800000000)
  region size 8192K, 1 young (8192K), 1 survivors (8192K)
 Metaspace       used 108370K, committed 109888K, reserved 1179648K
  class space    used 16082K, committed 16704K, reserved 1048576K
}
Event: 53494.541 GC heap before
{Heap before GC invocations=25 (full 0):
 garbage-first heap   total reserved 16728064K, committed 221184K, used 181938K [0x0000000403000000, 0x0000000800000000)
  region size 8192K, 15 young (122880K), 1 survivors (8192K)
 Metaspace       used 108471K, committed 109888K, reserved 1179648K
  class space    used 16110K, committed 16704K, reserved 1048576K
}

